2026-03-16 17:55:22 - HHH000204: Processing PersistenceUnitInfo [name: default]
2026-03-16 17:55:22 - HHH000412: Hibernate ORM core version 6.4.4.Final
2026-03-16 17:55:23 - HHH000026: Second-level cache disabled
2026-03-16 17:55:23 - HHH90000025: PostgreSQLDialect does not need to be specified explicitly using 'hibernate.dialect' (remove the property setting and it will be selected by default)
2026-03-16 17:55:25 - HHH000489: No JTA platform available (set 'hibernate.transaction.jta.platform' to enable JTA platform integration)
2026-03-16 17:55:28 - select cr1_0.id,cr1_0.campaign_id,cr1_0.last_attempt_at,cr1_0.next_retry_at,cr1_0.phone_number,cr1_0.retry_count,cr1_0.status from call_records cr1_0 where cr1_0.status='PENDING' and (cr1_0.next_retry_at is null or cr1_0.next_retry_at<=?)
2026-03-16 17:55:33 - select cr1_0.id,cr1_0.campaign_id,cr1_0.last_attempt_at,cr1_0.next_retry_at,cr1_0.phone_number,cr1_0.retry_count,cr1_0.status from call_records cr1_0 where cr1_0.status='PENDING' and (cr1_0.next_retry_at is null or cr1_0.next_retry_at<=?)
2026-03-16 17:55:38 - select cr1_0.id,cr1_0.campaign_id,cr1_0.last_attempt_at,cr1_0.next_retry_at,cr1_0.phone_number,cr1_0.retry_count,cr1_0.status from call_records cr1_0 where cr1_0.status='PENDING' and (cr1_0.next_retry_at is null or cr1_0.next_retry_at<=?)
2026-03-16 17:55:43 - select cr1_0.id,cr1_0.campaign_id,cr1_0.last_attempt_at,cr1_0.next_retry_at,cr1_0.phone_number,cr1_0.retry_count,cr1_0.status from call_records cr1_0 where cr1_0.status='PENDING' and (cr1_0.next_retry_at is null or cr1_0.next_retry_at<=?)
2026-03-16 17:55:48 - select cr1_0.id,cr1_0.campaign_id,cr1_0.last_attempt_at,cr1_0.next_retry_at,cr1_0.phone_number,cr1_0.retry_count,cr1_0.status from call_records cr1_0 where cr1_0.status='PENDING' and (cr1_0.next_retry_at is null or cr1_0.next_retry_at<=?)
2026-03-16 17:55:53 - select cr1_0.id,cr1_0.campaign_id,cr1_0.last_attempt_at,cr1_0.next_retry_at,cr1_0.phone_number,cr1_0.retry_count,cr1_0.status from call_records cr1_0 where cr1_0.status='PENDING' and (cr1_0.next_retry_at is null or cr1_0.next_retry_at<=?)
2026-03-16 17:55:58 - select cr1_0.id,cr1_0.campaign_id,cr1_0.last_attempt_at,cr1_0.next_retry_at,cr1_0.phone_number,cr1_0.retry_count,cr1_0.status from call_records cr1_0 where cr1_0.status='PENDING' and (cr1_0.next_retry_at is null or cr1_0.next_retry_at<=?)
2026-03-16 17:56:03 - select cr1_0.id,cr1_0.campaign_id,cr1_0.last_attempt_at,cr1_0.next_retry_at,cr1_0.phone_number,cr1_0.retry_count,cr1_0.status from call_records cr1_0 where cr1_0.status='PENDING' and (cr1_0.next_retry_at is null or cr1_0.next_retry_at<=?)
2026-03-16 17:56:08 - select cr1_0.id,cr1_0.campaign_id,cr1_0.last_attempt_at,cr1_0.next_retry_at,cr1_0.phone_number,cr1_0.retry_count,cr1_0.status from call_records cr1_0 where cr1_0.status='PENDING' and (cr1_0.next_retry_at is null or cr1_0.next_retry_at<=?)
2026-03-16 17:56:13 - select cr1_0.id,cr1_0.campaign_id,cr1_0.last_attempt_at,cr1_0.next_retry_at,cr1_0.phone_number,cr1_0.retry_count,cr1_0.status from call_records cr1_0 where cr1_0.status='PENDING' and (cr1_0.next_retry_at is null or cr1_0.next_retry_at<=?)
2026-03-16 17:56:19 - select cr1_0.id,cr1_0.campaign_id,cr1_0.last_attempt_at,cr1_0.next_retry_at,cr1_0.phone_number,cr1_0.retry_count,cr1_0.status from call_records cr1_0 where cr1_0.status='PENDING' and (cr1_0.next_retry_at is null or cr1_0.next_retry_at<=?)
2026-03-16 17:56:24 - select cr1_0.id,cr1_0.campaign_id,cr1_0.last_attempt_at,cr1_0.next_retry_at,cr1_0.phone_number,cr1_0.retry_count,cr1_0.status from call_records cr1_0 where cr1_0.status='PENDING' and (cr1_0.next_retry_at is null or cr1_0.next_retry_at<=?)
2026-03-16 17:56:29 - select cr1_0.id,cr1_0.campaign_id,cr1_0.last_attempt_at,cr1_0.next_retry_at,cr1_0.phone_number,cr1_0.retry_count,cr1_0.status from call_records cr1_0 where cr1_0.status='PENDING' and (cr1_0.next_retry_at is null or cr1_0.next_retry_at<=?)
2026-03-16 17:56:34 - select cr1_0.id,cr1_0.campaign_id,cr1_0.last_attempt_at,cr1_0.next_retry_at,cr1_0.phone_number,cr1_0.retry_count,cr1_0.status from call_records cr1_0 where cr1_0.status='PENDING' and (cr1_0.next_retry_at is null or cr1_0.next_retry_at<=?)
2026-03-16 17:56:39 - select cr1_0.id,cr1_0.campaign_id,cr1_0.last_attempt_at,cr1_0.next_retry_at,cr1_0.phone_number,cr1_0.retry_count,cr1_0.status from call_records cr1_0 where cr1_0.status='PENDING' and (cr1_0.next_retry_at is null or cr1_0.next_retry_at<=?)
2026-03-16 17:56:44 - select cr1_0.id,cr1_0.campaign_id,cr1_0.last_attempt_at,cr1_0.next_retry_at,cr1_0.phone_number,cr1_0.retry_count,cr1_0.status from call_records cr1_0 where cr1_0.status='PENDING' and (cr1_0.next_retry_at is null or cr1_0.next_retry_at<=?)
2026-03-16 17:56:49 - select cr1_0.id,cr1_0.campaign_id,cr1_0.last_attempt_at,cr1_0.next_retry_at,cr1_0.phone_number,cr1_0.retry_count,cr1_0.status from call_records cr1_0 where cr1_0.status='PENDING' and (cr1_0.next_retry_at is null or cr1_0.next_retry_at<=?)
2026-03-16 17:56:54 - select cr1_0.id,cr1_0.campaign_id,cr1_0.last_attempt_at,cr1_0.next_retry_at,cr1_0.phone_number,cr1_0.retry_count,cr1_0.status from call_records cr1_0 where cr1_0.status='PENDING' and (cr1_0.next_retry_at is null or cr1_0.next_retry_at<=?)
2026-03-16 17:56:59 - select cr1_0.id,cr1_0.campaign_id,cr1_0.last_attempt_at,cr1_0.next_retry_at,cr1_0.phone_number,cr1_0.retry_count,cr1_0.status from call_records cr1_0 where cr1_0.status='PENDING' and (cr1_0.next_retry_at is null or cr1_0.next_retry_at<=?)
2026-03-16 17:57:04 - select cr1_0.id,cr1_0.campaign_id,cr1_0.last_attempt_at,cr1_0.next_retry_at,cr1_0.phone_number,cr1_0.retry_count,cr1_0.status from call_records cr1_0 where cr1_0.status='PENDING' and (cr1_0.next_retry_at is null or cr1_0.next_retry_at<=?)
